<?xml version="1.0" encoding="UTF-8"?>
<testng-results skipped="0" failed="0" total="2" passed="2">
  <reporter-output>
  </reporter-output>
  <suite name="Grid" duration-ms="18626" started-at="2017-07-12T14:09:21Z" finished-at="2017-07-12T14:09:39Z">
    <groups>
    </groups>
    <test name="On chrome" duration-ms="9792" started-at="2017-07-12T14:09:21Z" finished-at="2017-07-12T14:09:30Z">
      <class name="com.OrgHRM.Tests.GridEg">
        <test-method status="PASS" signature="test(java.lang.String)[pri:0, instance:com.OrgHRM.Tests.GridEg@457e2f02]" name="test" duration-ms="9726" started-at="2017-07-12T19:39:21Z" finished-at="2017-07-12T19:39:30Z">
          <params>
            <param index="0">
              <value>
                <![CDATA[chrome]]>
              </value>
            </param>
          </params>
          <reporter-output>
          </reporter-output>
        </test-method> <!-- test -->
      </class> <!-- com.OrgHRM.Tests.GridEg -->
    </test> <!-- On chrome -->
    <test name="On Firefox" duration-ms="18626" started-at="2017-07-12T14:09:21Z" finished-at="2017-07-12T14:09:39Z">
      <class name="com.OrgHRM.Tests.GridEg">
        <test-method status="PASS" signature="test(java.lang.String)[pri:0, instance:com.OrgHRM.Tests.GridEg@36d4b5c]" name="test" duration-ms="18560" started-at="2017-07-12T19:39:21Z" finished-at="2017-07-12T19:39:39Z">
          <params>
            <param index="0">
              <value>
                <![CDATA[firefox]]>
              </value>
            </param>
          </params>
          <reporter-output>
          </reporter-output>
        </test-method> <!-- test -->
      </class> <!-- com.OrgHRM.Tests.GridEg -->
    </test> <!-- On Firefox -->
  </suite> <!-- Grid -->
</testng-results>
